<?xml version="1.0" encoding="UTF-8"?>
<testng-results skipped="0" failed="0" total="1" passed="1">
  <reporter-output>
  </reporter-output>
  <suite name="Suite" duration-ms="8646" started-at="2019-03-14T01:12:33Z" finished-at="2019-03-14T01:12:42Z">
    <groups>
    </groups>
    <test name="Test" duration-ms="8646" started-at="2019-03-14T01:12:33Z" finished-at="2019-03-14T01:12:42Z">
      <class name="hu.hello">
        <test-method status="PASS" signature="openfire()[pri:0, instance:hu.hello@1c2c22f3]" name="openfire" is-config="true" duration-ms="8393" started-at="2019-03-14T09:12:33Z" finished-at="2019-03-14T09:12:41Z">
          <reporter-output>
          </reporter-output>
        </test-method> <!-- openfire -->
        <test-method status="PASS" signature="login()[pri:0, instance:hu.hello@1c2c22f3]" name="login" duration-ms="242" started-at="2019-03-14T09:12:41Z" finished-at="2019-03-14T09:12:42Z">
          <reporter-output>
          </reporter-output>
        </test-method> <!-- login -->
      </class> <!-- hu.hello -->
    </test> <!-- Test -->
  </suite> <!-- Suite -->
</testng-results>
